app/build/intermediates/manifest_merge_blame_file/debug/manifest-merger-blame-debug-report.txt
1<?xml version="1.0" encoding="utf-8"?>
2<manifest xmlns:android="http://schemas.android.com/apk/res/android"
3    package="com.example.keskheu"
4    android:versionCode="3"
5    android:versionName="3.1.2" >
6
7    <uses-sdk
8        android:minSdkVersion="21"
8-->src\main\AndroidManifest.xml
9        android:targetSdkVersion="30" />
9-->src\main\AndroidManifest.xml
10
11    <uses-permission android:name="android.permission.INTERNET" />
11-->src\main\AndroidManifest.xml:4:5-67
11-->src\main\AndroidManifest.xml:4:22-64
12
13    <application
13-->src\main\AndroidManifest.xml:5:5-23:19
14        android:allowBackup="true"
14-->src\main\AndroidManifest.xml:6:9-35
15        android:appComponentFactory="androidx.core.app.CoreComponentFactory"
15-->[androidx.core:core:1.3.2] AndroidManifest.xml:24:18-86
16        android:debuggable="true"
17        android:icon="@mipmap/ic_launcher_keskeu"
17-->src\main\AndroidManifest.xml:7:9-50
18        android:label="@string/app_name"
18-->src\main\AndroidManifest.xml:8:9-41
19        android:roundIcon="@mipmap/ic_launcher_round_keskeu"
19-->src\main\AndroidManifest.xml:9:9-61
20        android:supportsRtl="true"
20-->src\main\AndroidManifest.xml:10:9-35
21        android:theme="@style/Theme.Keskheu"
21-->src\main\AndroidManifest.xml:12:9-45
22        android:usesCleartextTraffic="true" >
22-->src\main\AndroidManifest.xml:11:9-44
23        <activity
23-->src\main\AndroidManifest.xml:14:9-22:20
24            android:name="com.example.keskheu.MainActivity"
24-->src\main\AndroidManifest.xml:15:13-41
25            android:label="@string/app_name"
25-->src\main\AndroidManifest.xml:16:13-45
26            android:theme="@style/Theme.Keskheu.NoActionBar" >
26-->src\main\AndroidManifest.xml:17:13-61
27            <intent-filter>
27-->src\main\AndroidManifest.xml:18:13-21:29
28                <action android:name="android.intent.action.MAIN" />
28-->src\main\AndroidManifest.xml:19:17-69
28-->src\main\AndroidManifest.xml:19:25-66
29
30                <category android:name="android.intent.category.LAUNCHER" />
30-->src\main\AndroidManifest.xml:20:17-77
30-->src\main\AndroidManifest.xml:20:27-74
31            </intent-filter>
32        </activity>
33    </application>
34
35</manifest>